Build 'Homework / Build' #9, default branch 'master'
Triggered 2022-07-29 09:24:02 by 'student'
Started 2022-07-29 09:24:04 on agent 'ip_51.250.6.49'
Finished 2022-07-29 09:24:16 with status NORMAL 'Tests passed: 4'
VCS revisions: 'Homework_GitGithubComEvgenAnsible1exampleTeamcityGitRefsHeadsMaster' (Git, instance id 1): '28e728cc82f14381502a5dc772995fbd86c0b4eb' (branch: 'refs/heads/master')
TeamCity URL http://62.84.125.224:8111/viewLog.html?buildId=9&buildTypeId=Homework_Build 
TeamCity server version is 2022.04.2 (build 108655), server timezone: GMT (UTC)

[09:24:02]W: bt1 (13s)
[09:24:02]i: TeamCity server version is 2022.04.2 (build 108655)
[09:24:02] : The build is removed from the queue to be prepared for the start
[09:24:02] : Collecting changes in 1 VCS root (1s)
[09:24:02] :	 [Collecting changes in 1 VCS root] VCS Root details
[09:24:02] :		 [VCS Root details] "git@github.com:EvgenAnsible1/example-teamcity.git#refs/heads/master" {instance id=1, parent internal id=1, parent id=Homework_GitGithubComEvgenAnsible1exampleTeamcityGitRefsHeadsMaster, description: "git@github.com:EvgenAnsible1/example-teamcity.git#refs/heads/master"}
[09:24:02]i:	 [Collecting changes in 1 VCS root] Loading current repository state for VCS root 'git@github.com:EvgenAnsible1/example-teamcity.git#refs/heads/master' (1s)
[09:24:02]i:		 [Loading current repository state for VCS root 'git@github.com:EvgenAnsible1/example-teamcity.git#refs/heads/master'] VCS root 'git@github.com:EvgenAnsible1/example-teamcity.git#refs/heads/master': git -c credential.helper= ls-remote origin
[09:24:03]i:		 [Loading current repository state for VCS root 'git@github.com:EvgenAnsible1/example-teamcity.git#refs/heads/master'] VCS root 'git@github.com:EvgenAnsible1/example-teamcity.git#refs/heads/master': Warning: Permanently added 'github.com,140.82.121.3' (ECDSA) to the list of known hosts.
[09:24:04]i:	 [Collecting changes in 1 VCS root] Detecting changes in VCS root 'git@github.com:EvgenAnsible1/example-teamcity.git#refs/heads/master' (used in 'Build')
[09:24:04]i:	 [Collecting changes in 1 VCS root] Will collect changes for 'git@github.com:EvgenAnsible1/example-teamcity.git#refs/heads/master' starting from revision 28e728cc82f14381502a5dc772995fbd86c0b4eb
[09:24:04] :	 [Collecting changes in 1 VCS root] Compute revision for 'git@github.com:EvgenAnsible1/example-teamcity.git#refs/heads/master'
[09:24:04] :		 [Compute revision for 'git@github.com:EvgenAnsible1/example-teamcity.git#refs/heads/master'] Upper limit revision: 28e728cc82f14381502a5dc772995fbd86c0b4eb
[09:24:04]i:		 [Compute revision for 'git@github.com:EvgenAnsible1/example-teamcity.git#refs/heads/master'] MaxModId = 1
[09:24:04] :		 [Compute revision for 'git@github.com:EvgenAnsible1/example-teamcity.git#refs/heads/master'] The first revision that was detected in the branch refs/heads/master: bd3bcfbfa25c0076df0a9a35343b865dc77ebfc2
[09:24:04] :		 [Compute revision for 'git@github.com:EvgenAnsible1/example-teamcity.git#refs/heads/master'] The first revision that was detected in the branch refs/heads/master after the last change of the VCS root or checkout rules: bd3bcfbfa25c0076df0a9a35343b865dc77ebfc2
[09:24:04] :		 [Compute revision for 'git@github.com:EvgenAnsible1/example-teamcity.git#refs/heads/master'] Latest commit attached to build configuration (with id <= 1): 28e728cc82f14381502a5dc772995fbd86c0b4eb
[09:24:04] :		 [Compute revision for 'git@github.com:EvgenAnsible1/example-teamcity.git#refs/heads/master'] Computed revision: 28e728cc82f14381502a5dc772995fbd86c0b4eb
[09:24:04] : Starting the build on the agent "ip_51.250.6.49"
[09:24:04]i: Agent time zone: Europe/London
[09:24:04]i: Agent is running under JRE: 11.0.15+9-LTS
[09:24:04] : Updating tools for build
[09:24:04] :	 [Updating tools for build] Found 1 tool used by the build: maven3_6
[09:24:04] :	 [Updating tools for build] All used tools are up-to-date
[09:24:04] : Clearing temporary directory: /opt/buildagent/temp/buildTmp
[09:24:04] : Publishing internal artifacts
[09:24:04] :	 [Publishing internal artifacts] Publishing 1 file using [WebPublisher]
[09:24:04] :	 [Publishing internal artifacts] Publishing 1 file using [ArtifactsCachePublisherImpl]
[09:24:04] : Using vcs information from agent file: 14d1e624eba31ccb.xml
[09:24:04] : Checkout directory: /opt/buildagent/work/14d1e624eba31ccb
[09:24:04] : Updating sources: auto checkout (on agent) (2s)
[09:24:04] :	 [Updating sources] Will use agent side checkout
[09:24:04] :	 [Updating sources] VCS Root: git@github.com:EvgenAnsible1/example-teamcity.git#refs/heads/master (2s)
[09:24:04] :		 [VCS Root: git@github.com:EvgenAnsible1/example-teamcity.git#refs/heads/master] revision: 28e728cc82f14381502a5dc772995fbd86c0b4eb
[09:24:04]i:		 [VCS Root: git@github.com:EvgenAnsible1/example-teamcity.git#refs/heads/master] Mirrors automatically enabled
[09:24:04] :		 [VCS Root: git@github.com:EvgenAnsible1/example-teamcity.git#refs/heads/master] Git version: 2.37.0.0
[09:24:04] :		 [VCS Root: git@github.com:EvgenAnsible1/example-teamcity.git#refs/heads/master] Update git mirror (/opt/buildagent/system/git/git-3C544A7C.git) (2s)
[09:24:04] :			 [Update git mirror (/opt/buildagent/system/git/git-3C544A7C.git)] /usr/bin/git config http.sslCAInfo
[09:24:04] :			 [Update git mirror (/opt/buildagent/system/git/git-3C544A7C.git)] /usr/bin/git show-ref
[09:24:04] :			 [Update git mirror (/opt/buildagent/system/git/git-3C544A7C.git)] /usr/bin/git -c credential.helper= ls-remote origin
[09:24:07] :			 [Update git mirror (/opt/buildagent/system/git/git-3C544A7C.git)] /usr/bin/git show-ref refs/heads/master
[09:24:07] :			 [Update git mirror (/opt/buildagent/system/git/git-3C544A7C.git)] /usr/bin/git log -n1 --pretty=format:%H%x20%s 28e728cc82f14381502a5dc772995fbd86c0b4eb --
[09:24:07] :			 [Update git mirror (/opt/buildagent/system/git/git-3C544A7C.git)] No 'git fetch' required: commit '28e728cc82f14381502a5dc772995fbd86c0b4eb' is in the local repository clone pointed by 'refs/heads/master'.
[09:24:07] :			 [Update git mirror (/opt/buildagent/system/git/git-3C544A7C.git)] /usr/bin/git pack-refs --all
[09:24:07] :		 [VCS Root: git@github.com:EvgenAnsible1/example-teamcity.git#refs/heads/master] Update checkout directory (/opt/buildagent/work/14d1e624eba31ccb)
[09:24:07] :			 [Update checkout directory (/opt/buildagent/work/14d1e624eba31ccb)] /usr/bin/git rev-parse --is-shallow-repository
[09:24:07] :			 [Update checkout directory (/opt/buildagent/work/14d1e624eba31ccb)] /usr/bin/git config lfs.storage /opt/buildagent/system/git/git-3C544A7C.git/lfs
[09:24:07] :			 [Update checkout directory (/opt/buildagent/work/14d1e624eba31ccb)] /usr/bin/git config core.sparseCheckout true
[09:24:07] :			 [Update checkout directory (/opt/buildagent/work/14d1e624eba31ccb)] /usr/bin/git config http.sslCAInfo
[09:24:07] :			 [Update checkout directory (/opt/buildagent/work/14d1e624eba31ccb)] /usr/bin/git show-ref
[09:24:07] :			 [Update checkout directory (/opt/buildagent/work/14d1e624eba31ccb)] /usr/bin/git show-ref refs/remotes/origin/master
[09:24:07] :			 [Update checkout directory (/opt/buildagent/work/14d1e624eba31ccb)] /usr/bin/git log -n1 --pretty=format:%H%x20%s 28e728cc82f14381502a5dc772995fbd86c0b4eb --
[09:24:07] :			 [Update checkout directory (/opt/buildagent/work/14d1e624eba31ccb)] No 'git fetch' required: commit '28e728cc82f14381502a5dc772995fbd86c0b4eb' is in the local repository clone pointed by 'refs/remotes/origin/master'.
[09:24:07] :			 [Update checkout directory (/opt/buildagent/work/14d1e624eba31ccb)] /usr/bin/git branch
[09:24:07] :			 [Update checkout directory (/opt/buildagent/work/14d1e624eba31ccb)] /usr/bin/git -c credential.helper= reset --hard 28e728cc82f14381502a5dc772995fbd86c0b4eb
[09:24:07] :			 [Update checkout directory (/opt/buildagent/work/14d1e624eba31ccb)] /usr/bin/git branch --set-upstream-to=refs/remotes/origin/master
[09:24:07] : Build preparation done
[09:24:07]W: Step 1/2: Maven
[09:24:07]W:	 [Step 1/2] Build step Maven is skipped because of unfulfilled condition: "teamcity.build.branch does not contain master"
[09:24:07]W: Step 2/2: Master  step (Maven) (8s)
[09:24:07]i:	 [Step 2/2] Build step condition "teamcity.build.branch contains master" is satisfied
[09:24:07] :	 [Step 2/2] Using predefined Maven user settings: settings.xml
[09:24:07] :	 [Step 2/2] Using predefined Maven user settings: settings.xml
[09:24:07] :	 [Step 2/2] Initial M2_HOME not set
[09:24:07] :	 [Step 2/2] Current M2_HOME = /opt/buildagent/tools/maven3_6
[09:24:07] :	 [Step 2/2] PATH = /opt/buildagent/tools/maven3_6/bin:/opt/java/openjdk/bin:/usr/local/sbin:/usr/local/bin:/usr/sbin:/usr/bin:/sbin:/bin
[09:24:07] :	 [Step 2/2] Using watcher: /opt/buildagent/plugins/mavenPlugin/maven-watcher-jdk17/maven-watcher-agent.jar
[09:24:07] :	 [Step 2/2] Using agent local repository at /opt/buildagent/system/jetbrains.maven.runner/maven.repo.local
[09:24:07] :	 [Step 2/2] *** Start reading the project structure ***
[09:24:07]i:	 [Step 2/2] Initial MAVEN_OPTS not set
[09:24:07]i:	 [Step 2/2] Current MAVEN_OPTS not set
[09:24:09]i:	 [Step 2/2] [INFO] Scanning for projects...
[09:24:09]i:	 [Step 2/2] [INFO] Downloading from teamcity_local_5269f264-a585-4fab-a640-a51b43402ec0: file:/opt/buildagent/plugins/mavenPlugin/info-plugin/org/jetbrains/maven/info-maven3-plugin/1.0.2/info-maven3-plugin-1.0.2.pom
[09:24:09]i:	 [Step 2/2] [INFO] Downloaded from teamcity_local_5269f264-a585-4fab-a640-a51b43402ec0: file:/opt/buildagent/plugins/mavenPlugin/info-plugin/org/jetbrains/maven/info-maven3-plugin/1.0.2/info-maven3-plugin-1.0.2.pom (0 B at 0 B/s)
[09:24:09]i:	 [Step 2/2] [INFO] Downloading from teamcity_local_5269f264-a585-4fab-a640-a51b43402ec0: file:/opt/buildagent/plugins/mavenPlugin/info-plugin/org/jetbrains/maven/info-maven3-plugin/1.0.2/info-maven3-plugin-1.0.2.jar
[09:24:09]i:	 [Step 2/2] [INFO] Downloaded from teamcity_local_5269f264-a585-4fab-a640-a51b43402ec0: file:/opt/buildagent/plugins/mavenPlugin/info-plugin/org/jetbrains/maven/info-maven3-plugin/1.0.2/info-maven3-plugin-1.0.2.jar (0 B at 0 B/s)
[09:24:09]i:	 [Step 2/2] [INFO] 
[09:24:09]i:	 [Step 2/2] [INFO] -----------------------< org.netology:plaindoll >-----------------------
[09:24:09]i:	 [Step 2/2] [INFO] Building plaindoll 0.0.1
[09:24:09]i:	 [Step 2/2] [INFO] --------------------------------[ jar ]---------------------------------
[09:24:09]i:	 [Step 2/2] [INFO] 
[09:24:09]i:	 [Step 2/2] [INFO] --- info-maven3-plugin:1.0.2:info (default-cli) @ plaindoll ---
[09:24:09]i:	 [Step 2/2] [INFO] Downloading from teamcity_local_5269f264-a585-4fab-a640-a51b43402ec0: file:/opt/buildagent/plugins/mavenPlugin/info-plugin/org/jetbrains/maven/maven-embedder-api/1.2.3/maven-embedder-api-1.2.3.pom
[09:24:09]i:	 [Step 2/2] [INFO] Downloaded from teamcity_local_5269f264-a585-4fab-a640-a51b43402ec0: file:/opt/buildagent/plugins/mavenPlugin/info-plugin/org/jetbrains/maven/maven-embedder-api/1.2.3/maven-embedder-api-1.2.3.pom (0 B)
[09:24:09]i:	 [Step 2/2] [INFO] Downloading from teamcity_local_5269f264-a585-4fab-a640-a51b43402ec0: file:/opt/buildagent/plugins/mavenPlugin/info-plugin/org/jetbrains/maven/maven-embedder-api/1.2.3/maven-embedder-api-1.2.3.jar
[09:24:09]i:	 [Step 2/2] [INFO] Downloaded from teamcity_local_5269f264-a585-4fab-a640-a51b43402ec0: file:/opt/buildagent/plugins/mavenPlugin/info-plugin/org/jetbrains/maven/maven-embedder-api/1.2.3/maven-embedder-api-1.2.3.jar (0 B)
[09:24:09]i:	 [Step 2/2] [INFO] ------------------------------------------------------------------------
[09:24:09]i:	 [Step 2/2] [INFO] BUILD SUCCESS
[09:24:09]i:	 [Step 2/2] [INFO] ------------------------------------------------------------------------
[09:24:09]i:	 [Step 2/2] [INFO] Total time:  0.350 s
[09:24:09]i:	 [Step 2/2] [INFO] Finished at: 2022-07-29T10:24:09+01:00
[09:24:09]i:	 [Step 2/2] [INFO] ------------------------------------------------------------------------
[09:24:09]i:	 [Step 2/2] Process exited with code 0
[09:24:09] :	 [Step 2/2] Initial MAVEN_OPTS not set
[09:24:09] :	 [Step 2/2] Current MAVEN_OPTS not set
[09:24:09] :	 [Step 2/2] Starting: /opt/java/openjdk/bin/java -Dagent.home.dir=/opt/buildagent -Dagent.name=ip_51.250.6.49 -Dagent.ownPort=9090 -Dagent.work.dir=/opt/buildagent/work -Dbuild.number=9 -Dbuild.vcs.number=28e728cc82f14381502a5dc772995fbd86c0b4eb -Dbuild.vcs.number.1=28e728cc82f14381502a5dc772995fbd86c0b4eb -Dbuild.vcs.number.Homework_GitGithubComEvgenAnsible1exampleTeamcityGitRefsHeadsMaster=28e728cc82f14381502a5dc772995fbd86c0b4eb -Dclassworlds.conf=/opt/buildagent/temp/buildTmp/teamcity.m2.conf -Dcom.jetbrains.maven.watcher.report.file=/opt/buildagent/temp/buildTmp/maven-build-info.xml -Dec2.instance-id=fhmn4u5ms2j1k8o27bfi -Dec2.local-hostname=teamcity-agent.ru-central1.internal -Dec2.local-ipv4=10.128.0.15 -Dec2.public-hostname=51.250.6.49 -Dec2.public-ipv4=51.250.6.49 -Djava.io.tmpdir=/opt/buildagent/temp/buildTmp -Dmaven.home=/opt/buildagent/tools/maven3_6 -Dmaven.multiModuleProjectDirectory=/opt/buildagent/work/14d1e624eba31ccb -Dteamcity.agent.cpuBenchmark=525 -Dteamcity.agent.dotnet.agent_url=http://localhost:9090/RPC2 -Dteamcity.agent.dotnet.build_id=9 -Dteamcity.auth.password=******* -Dteamcity.auth.userId=TeamCityBuildId=9 -Dteamcity.build.changedFiles.file=/opt/buildagent/temp/buildTmp/changedFiles6396683336703167866.txt -Dteamcity.build.checkoutDir=/opt/buildagent/work/14d1e624eba31ccb -Dteamcity.build.id=9 -Dteamcity.build.properties.file=/opt/buildagent/temp/buildTmp/teamcity.build15855237730048086336.properties -Dteamcity.build.tempDir=/opt/buildagent/temp/buildTmp -Dteamcity.build.workingDir=/opt/buildagent/work/14d1e624eba31ccb -Dteamcity.buildConfName=Build -Dteamcity.buildType.id=Homework_Build -Dteamcity.configuration.properties.file=/opt/buildagent/temp/buildTmp/teamcity.config2804591040950442505.properties -Dteamcity.maven.userSettings.path=/opt/buildagent/temp/buildTmp/maven_settings_11883525140295924937.xml -Dteamcity.maven.watcher.home=/opt/buildagent/plugins/mavenPlugin/maven-watcher-jdk17 -Dteamcity.projectName=Homework -Dteamcity.runner.properties.file=/opt/buildagent/temp/buildTmp/teamcity.runner225103607364929720.properties -Dteamcity.tests.recentlyFailedTests.file=/opt/buildagent/temp/buildTmp/testsToRunFirst6737924144380461983.txt "-Dteamcity.version=2022.04.2 (build 108655)" -Dmaven.repo.local=/opt/buildagent/system/jetbrains.maven.runner/maven.repo.local -classpath /opt/buildagent/tools/maven3_6/boot/plexus-classworlds-2.6.0.jar: org.codehaus.plexus.classworlds.launcher.Launcher -f /opt/buildagent/work/14d1e624eba31ccb/pom.xml -B -s /opt/buildagent/temp/buildTmp/maven_settings_11883525140295924937.xml -Dmaven.test.failure.ignore=true clean deploy
[09:24:09] :	 [Step 2/2] in directory: /opt/buildagent/work/14d1e624eba31ccb
[09:24:11] :	 [Step 2/2] [INFO] Scanning for projects...
[09:24:11] :	 [Step 2/2] [INFO] 
[09:24:11] :	 [Step 2/2] [INFO] -----------------------< org.netology:plaindoll >-----------------------
[09:24:11] :	 [Step 2/2] [INFO] Building plaindoll 0.0.1
[09:24:11] :	 [Step 2/2] [INFO] --------------------------------[ jar ]---------------------------------
[09:24:11] :	 [Step 2/2] [Maven Watcher] project started: org.netology:plaindoll:jar:0.0.1
[09:24:11] :	 [Step 2/2] org.netology:plaindoll (3s)
[09:24:11]i:		 [org.netology:plaindoll] ##teamcity[importData tc:tags='tc:internal' type='surefire' path='/opt/buildagent/work/14d1e624eba31ccb/target/surefire-reports/TEST-*.xml' whenNoDataPublished='nothing' logAsInternal='true']
[09:24:11]i:		 [org.netology:plaindoll] ##teamcity[importData tc:tags='tc:internal' type='surefire' path='/opt/buildagent/work/14d1e624eba31ccb/target/failsafe-reports/TEST-*.xml' whenNoDataPublished='nothing' logAsInternal='true']
[09:24:11] :	 [Step 2/2] [Maven Watcher] 
[09:24:11]i:	 [Step 2/2] ##teamcity[projectStarted tc:tags='tc:internal' projectId='org.netology:plaindoll:jar:0.0.1' groupId='org.netology' artifactId='plaindoll' testReportsDir0='/opt/buildagent/work/14d1e624eba31ccb/target/surefire-reports' testReportsDir1='/opt/buildagent/work/14d1e624eba31ccb/target/failsafe-reports']
[09:24:11] :	 [Step 2/2] Importing data from '/opt/buildagent/work/14d1e624eba31ccb/target/failsafe-reports/TEST-*.xml' (not existing file) with 'surefire' processor
[09:24:11] :	 [Step 2/2] Surefire report watcher
[09:24:11] :		 [Surefire report watcher] Watching paths:
[09:24:11] :		 [Surefire report watcher] /opt/buildagent/work/14d1e624eba31ccb/target/failsafe-reports/TEST-*.xml
[09:24:11] :	 [Step 2/2] Importing data from '/opt/buildagent/work/14d1e624eba31ccb/target/surefire-reports/TEST-*.xml' (not existing file) with 'surefire' processor
[09:24:11] :	 [Step 2/2] [INFO] 
[09:24:11] :	 [Step 2/2] [INFO] --- maven-clean-plugin:2.5:clean (default-clean) @ plaindoll ---
[09:24:11] :	 [Step 2/2] [INFO] Deleting /opt/buildagent/work/14d1e624eba31ccb/target
[09:24:11] :	 [Step 2/2] [INFO] 
[09:24:11] :	 [Step 2/2] [INFO] --- maven-resources-plugin:2.6:resources (default-resources) @ plaindoll ---
[09:24:11] :	 [Step 2/2] Surefire report watcher
[09:24:11] :		 [Surefire report watcher] Watching paths:
[09:24:11] :		 [Surefire report watcher] /opt/buildagent/work/14d1e624eba31ccb/target/surefire-reports/TEST-*.xml
[09:24:12]W:	 [Step 2/2] [WARNING] Using platform encoding (UTF-8 actually) to copy filtered resources, i.e. build is platform dependent!
[09:24:12] :	 [Step 2/2] [INFO] skip non existing resourceDirectory /opt/buildagent/work/14d1e624eba31ccb/src/main/resources
[09:24:12] :	 [Step 2/2] [INFO] 
[09:24:12] :	 [Step 2/2] [INFO] --- maven-compiler-plugin:3.1:compile (default-compile) @ plaindoll ---
[09:24:12] :	 [Step 2/2] [INFO] Changes detected - recompiling the module!
[09:24:12]W:	 [Step 2/2] [WARNING] File encoding has not been set, using platform encoding UTF-8, i.e. build is platform dependent!
[09:24:12] :	 [Step 2/2] [INFO] Compiling 2 source files to /opt/buildagent/work/14d1e624eba31ccb/target/classes
[09:24:12] :	 [Step 2/2] [INFO] 
[09:24:12] :	 [Step 2/2] [INFO] --- maven-resources-plugin:2.6:testResources (default-testResources) @ plaindoll ---
[09:24:12]W:	 [Step 2/2] [WARNING] Using platform encoding (UTF-8 actually) to copy filtered resources, i.e. build is platform dependent!
[09:24:12] :	 [Step 2/2] [INFO] skip non existing resourceDirectory /opt/buildagent/work/14d1e624eba31ccb/src/test/resources
[09:24:12] :	 [Step 2/2] [INFO] 
[09:24:12] :	 [Step 2/2] [INFO] --- maven-compiler-plugin:3.1:testCompile (default-testCompile) @ plaindoll ---
[09:24:12] :	 [Step 2/2] [INFO] Changes detected - recompiling the module!
[09:24:12]W:	 [Step 2/2] [WARNING] File encoding has not been set, using platform encoding UTF-8, i.e. build is platform dependent!
[09:24:12] :	 [Step 2/2] [INFO] Compiling 1 source file to /opt/buildagent/work/14d1e624eba31ccb/target/test-classes
[09:24:12] :	 [Step 2/2] [INFO] 
[09:24:12] :	 [Step 2/2] [INFO] --- maven-surefire-plugin:2.12.4:test (default-test) @ plaindoll ---
[09:24:13] :	 [Step 2/2] [INFO] Surefire report directory: /opt/buildagent/work/14d1e624eba31ccb/target/surefire-reports
[09:24:13] :	 [Step 2/2] 
[09:24:13] :	 [Step 2/2] -------------------------------------------------------
[09:24:13] :	 [Step 2/2]  T E S T S
[09:24:13] :	 [Step 2/2] -------------------------------------------------------
[09:24:13] :	 [Step 2/2] Running plaindoll.WelcomerTest
[09:24:13] :	 [Step 2/2] Tests run: 4, Failures: 0, Errors: 0, Skipped: 0, Time elapsed: 0.076 sec
[09:24:13] :	 [Step 2/2] 
[09:24:13] :	 [Step 2/2] Results :
[09:24:13] :	 [Step 2/2] 
[09:24:13] :	 [Step 2/2] Tests run: 4, Failures: 0, Errors: 0, Skipped: 0
[09:24:13] :	 [Step 2/2] 
[09:24:13] :	 [Step 2/2] [INFO] 
[09:24:13] :	 [Step 2/2] [INFO] --- maven-jar-plugin:2.4:jar (default-jar) @ plaindoll ---
[09:24:13] :	 [Step 2/2] [INFO] Building jar: /opt/buildagent/work/14d1e624eba31ccb/target/plaindoll-0.0.1.jar
[09:24:13] :	 [Step 2/2] [INFO] 
[09:24:13] :	 [Step 2/2] [INFO] --- maven-shade-plugin:3.2.4:shade (default) @ plaindoll ---
[09:24:13]i:	 [Step 2/2] plaindoll.WelcomerTest
[09:24:13]i:		 [plaindoll.WelcomerTest] welcomerSaysFarewell
[09:24:13]i:		 [plaindoll.WelcomerTest] welcomerSaysHunter
[09:24:13]i:		 [plaindoll.WelcomerTest] welcomerSaysSilver
[09:24:13]i:		 [plaindoll.WelcomerTest] welcomerSaysWelcome
[09:24:14] :	 [Step 2/2] [INFO] Replacing original artifact with shaded artifact.
[09:24:14] :	 [Step 2/2] [INFO] Replacing /opt/buildagent/work/14d1e624eba31ccb/target/plaindoll-0.0.1.jar with /opt/buildagent/work/14d1e624eba31ccb/target/plaindoll-0.0.1-shaded.jar
[09:24:14] :	 [Step 2/2] [INFO] 
[09:24:14] :	 [Step 2/2] [INFO] --- maven-install-plugin:2.4:install (default-install) @ plaindoll ---
[09:24:14] :	 [Step 2/2] [INFO] Installing /opt/buildagent/work/14d1e624eba31ccb/target/plaindoll-0.0.1.jar to /opt/buildagent/system/jetbrains.maven.runner/maven.repo.local/org/netology/plaindoll/0.0.1/plaindoll-0.0.1.jar
[09:24:14] :	 [Step 2/2] [INFO] Installing /opt/buildagent/work/14d1e624eba31ccb/pom.xml to /opt/buildagent/system/jetbrains.maven.runner/maven.repo.local/org/netology/plaindoll/0.0.1/plaindoll-0.0.1.pom
[09:24:14] :	 [Step 2/2] [INFO] 
[09:24:14] :	 [Step 2/2] [INFO] --- maven-deploy-plugin:2.7:deploy (default-deploy) @ plaindoll ---
[09:24:14] :	 [Step 2/2] [INFO] Uploading to nexus: http://51.250.30.165:8081/repository/maven-releases/org/netology/plaindoll/0.0.1/plaindoll-0.0.1.jar
[09:24:15] :	 [Step 2/2] [INFO] Uploaded to nexus: http://51.250.30.165:8081/repository/maven-releases/org/netology/plaindoll/0.0.1/plaindoll-0.0.1.jar (3.1 kB at 8.7 kB/s)
[09:24:15] :	 [Step 2/2] [INFO] Uploading to nexus: http://51.250.30.165:8081/repository/maven-releases/org/netology/plaindoll/0.0.1/plaindoll-0.0.1.pom
[09:24:15] :	 [Step 2/2] [INFO] Uploaded to nexus: http://51.250.30.165:8081/repository/maven-releases/org/netology/plaindoll/0.0.1/plaindoll-0.0.1.pom (1.5 kB at 11 kB/s)
[09:24:15] :	 [Step 2/2] [INFO] Downloading from nexus: http://51.250.30.165:8081/repository/maven-releases/org/netology/plaindoll/maven-metadata.xml
[09:24:15] :	 [Step 2/2] [INFO] Downloaded from nexus: http://51.250.30.165:8081/repository/maven-releases/org/netology/plaindoll/maven-metadata.xml (301 B at 4.6 kB/s)
[09:24:15] :	 [Step 2/2] [INFO] Uploading to nexus: http://51.250.30.165:8081/repository/maven-releases/org/netology/plaindoll/maven-metadata.xml
[09:24:15] :	 [Step 2/2] [INFO] Uploaded to nexus: http://51.250.30.165:8081/repository/maven-releases/org/netology/plaindoll/maven-metadata.xml (301 B at 2.3 kB/s)
[09:24:15] :	 [Step 2/2] [Maven Watcher] 
[09:24:15]i:	 [Step 2/2] ##teamcity[projectFinished tc:tags='tc:internal' projectId='org.netology:plaindoll:jar:0.0.1']
[09:24:15] :	 [Step 2/2] [INFO] ------------------------------------------------------------------------
[09:24:15] :	 [Step 2/2] [INFO] BUILD SUCCESS
[09:24:15] :	 [Step 2/2] [INFO] ------------------------------------------------------------------------
[09:24:15] :	 [Step 2/2] [INFO] Total time:  4.082 s
[09:24:15] :	 [Step 2/2] [INFO] Finished at: 2022-07-29T10:24:15+01:00
[09:24:15] :	 [Step 2/2] [INFO] ------------------------------------------------------------------------
[09:24:15] :	 [Step 2/2] [Maven Watcher] building report document...
[09:24:15] :	 [Step 2/2] [Maven Watcher] building report document done
[09:24:15] :	 [Step 2/2] [Maven Watcher] writing report to /opt/buildagent/temp/buildTmp/maven-build-info.xml
[09:24:15] :	 [Step 2/2] [Maven Watcher] done writing report
[09:24:15] :	 [Step 2/2] Process exited with code 0
[09:24:15] :	 [Step 2/2] Publishing artifacts
[09:24:15] :		 [Publishing artifacts] Collecting files to publish: [/opt/buildagent/temp/buildTmp/.tc-maven-bi/maven-build-info.xml.gz => .teamcity]
[09:24:15] :		 [Publishing artifacts] Publishing 1 file using [WebPublisher]: /opt/buildagent/temp/buildTmp/.tc-maven-bi/maven-build-info.xml.gz => .teamcity
[09:24:15] :		 [Publishing artifacts] Publishing 1 file using [ArtifactsCachePublisherImpl]: /opt/buildagent/temp/buildTmp/.tc-maven-bi/maven-build-info.xml.gz => .teamcity
[09:24:15] :	 [Step 2/2] Waiting for 2 service processes to complete
[09:24:15] :	 [Step 2/2] Surefire report watcher
[09:24:15] :		 [Surefire report watcher] 1 report found for paths:
[09:24:15] :		 [Surefire report watcher] /opt/buildagent/work/14d1e624eba31ccb/target/surefire-reports/TEST-*.xml
[09:24:15] :		 [Surefire report watcher] Successfully parsed
[09:24:15] :			 [Successfully parsed] 1 report
[09:24:15] :			 [Successfully parsed] target/surefire-reports/TEST-plaindoll.WelcomerTest.xml
[09:24:15] : Publishing internal artifacts
[09:24:16] :	 [Publishing internal artifacts] Publishing 1 file using [WebPublisher]
[09:24:16] :	 [Publishing internal artifacts] Publishing 1 file using [ArtifactsCachePublisherImpl]
[09:24:16] : Publishing artifacts
[09:24:16] :	 [Publishing artifacts] Collecting files to publish: [target/*.jar => target]
[09:24:16] :	 [Publishing artifacts] Publishing 2 files using [WebPublisher]: target/*.jar => target
[09:24:16] :	 [Publishing artifacts] Publishing 2 files using [ArtifactsCachePublisherImpl]: target/*.jar => target
[09:24:16] : Build finished
