Build 'Homework / Build' #10, branch 'add_reply'
Triggered 2022-07-29 10:06:28 by 'Git'
Started 2022-07-29 10:06:30 on agent 'ip_51.250.6.49'
Finished 2022-07-29 10:06:42 with status NORMAL 'Tests passed: 5'
VCS revisions: 'Homework_GitGithubComEvgenAnsible1exampleTeamcityGitRefsHeadsMaster' (Git, instance id 1): '29b165152171f4ba556060021401e9b27a0c9093' (branch: 'refs/heads/add_reply')
TeamCity URL http://62.84.125.224:8111/viewLog.html?buildId=10&buildTypeId=Homework_Build 
TeamCity server version is 2022.04.2 (build 108655), server timezone: GMT (UTC)

[10:06:28]W: bt1 (13s)
[10:06:28]i: TeamCity server version is 2022.04.2 (build 108655)
[10:06:28] : The build is removed from the queue to be prepared for the start
[10:06:28] : Collecting changes in 1 VCS root (1s)
[10:06:28] :	 [Collecting changes in 1 VCS root] VCS Root details
[10:06:28] :		 [VCS Root details] "git@github.com:EvgenAnsible1/example-teamcity.git#refs/heads/master" {instance id=1, parent internal id=1, parent id=Homework_GitGithubComEvgenAnsible1exampleTeamcityGitRefsHeadsMaster, description: "git@github.com:EvgenAnsible1/example-teamcity.git#refs/heads/master"}
[10:06:28]i:	 [Collecting changes in 1 VCS root] Loading current repository state for VCS root 'git@github.com:EvgenAnsible1/example-teamcity.git#refs/heads/master' (1s)
[10:06:28]i:		 [Loading current repository state for VCS root 'git@github.com:EvgenAnsible1/example-teamcity.git#refs/heads/master'] VCS root 'git@github.com:EvgenAnsible1/example-teamcity.git#refs/heads/master': git -c credential.helper= ls-remote origin
[10:06:29]i:		 [Loading current repository state for VCS root 'git@github.com:EvgenAnsible1/example-teamcity.git#refs/heads/master'] VCS root 'git@github.com:EvgenAnsible1/example-teamcity.git#refs/heads/master': Warning: Permanently added 'github.com,140.82.121.4' (ECDSA) to the list of known hosts.
[10:06:30]i:	 [Collecting changes in 1 VCS root] Detecting changes in VCS root 'git@github.com:EvgenAnsible1/example-teamcity.git#refs/heads/master' (used in 'Build')
[10:06:30]i:	 [Collecting changes in 1 VCS root] Will collect changes for 'git@github.com:EvgenAnsible1/example-teamcity.git#refs/heads/master' starting from revision 28e728cc82f14381502a5dc772995fbd86c0b4eb
[10:06:30] :	 [Collecting changes in 1 VCS root] Compute revision for 'git@github.com:EvgenAnsible1/example-teamcity.git#refs/heads/master'
[10:06:30] :		 [Compute revision for 'git@github.com:EvgenAnsible1/example-teamcity.git#refs/heads/master'] Upper limit revision: 29b165152171f4ba556060021401e9b27a0c9093
[10:06:30]i:		 [Compute revision for 'git@github.com:EvgenAnsible1/example-teamcity.git#refs/heads/master'] MaxModId = 3
[10:06:30] :		 [Compute revision for 'git@github.com:EvgenAnsible1/example-teamcity.git#refs/heads/master'] The first revision that was detected in the branch refs/heads/add_reply: 29b165152171f4ba556060021401e9b27a0c9093
[10:06:30] :		 [Compute revision for 'git@github.com:EvgenAnsible1/example-teamcity.git#refs/heads/master'] Latest commit attached to build configuration (with id <= 3): 29b165152171f4ba556060021401e9b27a0c9093
[10:06:30] :		 [Compute revision for 'git@github.com:EvgenAnsible1/example-teamcity.git#refs/heads/master'] Computed revision: 29b165152171f4ba556060021401e9b27a0c9093
[10:06:30] : Starting the build on the agent "ip_51.250.6.49"
[10:06:30]i: Agent time zone: Europe/London
[10:06:30]i: Agent is running under JRE: 11.0.15+9-LTS
[10:06:30] : Updating tools for build
[10:06:30] :	 [Updating tools for build] Found 1 tool used by the build: maven3_6
[10:06:30] :	 [Updating tools for build] All used tools are up-to-date
[10:06:30] : Clearing temporary directory: /opt/buildagent/temp/buildTmp
[10:06:30] : Publishing internal artifacts
[10:06:30] :	 [Publishing internal artifacts] Publishing 1 file using [WebPublisher]
[10:06:30] :	 [Publishing internal artifacts] Publishing 1 file using [ArtifactsCachePublisherImpl]
[10:06:30] : Using vcs information from agent file: 14d1e624eba31ccb.xml
[10:06:30] : Checkout directory: /opt/buildagent/work/14d1e624eba31ccb
[10:06:30]W: Updating sources: auto checkout (on agent) (5s)
[10:06:30] :	 [Updating sources] Will use agent side checkout
[10:06:30]W:	 [Updating sources] VCS Root: git@github.com:EvgenAnsible1/example-teamcity.git#refs/heads/master (5s)
[10:06:30] :		 [VCS Root: git@github.com:EvgenAnsible1/example-teamcity.git#refs/heads/master] revision: 29b165152171f4ba556060021401e9b27a0c9093
[10:06:30]i:		 [VCS Root: git@github.com:EvgenAnsible1/example-teamcity.git#refs/heads/master] Mirrors automatically enabled
[10:06:30] :		 [VCS Root: git@github.com:EvgenAnsible1/example-teamcity.git#refs/heads/master] Git version: 2.37.0.0
[10:06:30]W:		 [VCS Root: git@github.com:EvgenAnsible1/example-teamcity.git#refs/heads/master] Update git mirror (/opt/buildagent/system/git/git-3C544A7C.git) (4s)
[10:06:30] :			 [Update git mirror (/opt/buildagent/system/git/git-3C544A7C.git)] /usr/bin/git config http.sslCAInfo
[10:06:30] :			 [Update git mirror (/opt/buildagent/system/git/git-3C544A7C.git)] /usr/bin/git show-ref
[10:06:30] :			 [Update git mirror (/opt/buildagent/system/git/git-3C544A7C.git)] /usr/bin/git -c credential.helper= ls-remote origin
[10:06:32] :			 [Update git mirror (/opt/buildagent/system/git/git-3C544A7C.git)] /usr/bin/git show-ref refs/heads/add_reply
[10:06:32]W:			 [Update git mirror (/opt/buildagent/system/git/git-3C544A7C.git)] show-ref command failed, empty result will be returned: /usr/bin/git show-ref refs/heads/add_reply command failed.
exit code: 1
[10:06:32] :			 [Update git mirror (/opt/buildagent/system/git/git-3C544A7C.git)] 'git fetch' required: 'refs/heads/add_reply' is not found in the local repository clone.
[10:06:32] :			 [Update git mirror (/opt/buildagent/system/git/git-3C544A7C.git)] /usr/bin/git -c credential.helper= fetch --progress --recurse-submodules=no origin +refs/heads/add_reply:refs/heads/add_reply (2s)
[10:06:35]i:				 [/usr/bin/git -c credential.helper= fetch --progress --recurse-submodules=no origin +refs/heads/add_reply:refs/heads/add_reply] remote: Enumerating objects: 22, done.        
[10:06:35]i:				 [/usr/bin/git -c credential.helper= fetch --progress --recurse-submodules=no origin +refs/heads/add_reply:refs/heads/add_reply] remote: Counting objects:   4% (1/22)        
[10:06:35]i:				 [/usr/bin/git -c credential.helper= fetch --progress --recurse-submodules=no origin +refs/heads/add_reply:refs/heads/add_reply] remote: Counting objects:   9% (2/22)        
[10:06:35]i:				 [/usr/bin/git -c credential.helper= fetch --progress --recurse-submodules=no origin +refs/heads/add_reply:refs/heads/add_reply] remote: Counting objects:  13% (3/22)        
[10:06:35]i:				 [/usr/bin/git -c credential.helper= fetch --progress --recurse-submodules=no origin +refs/heads/add_reply:refs/heads/add_reply] remote: Counting objects:  18% (4/22)        
[10:06:35]i:				 [/usr/bin/git -c credential.helper= fetch --progress --recurse-submodules=no origin +refs/heads/add_reply:refs/heads/add_reply] remote: Counting objects:  22% (5/22)        
[10:06:35]i:				 [/usr/bin/git -c credential.helper= fetch --progress --recurse-submodules=no origin +refs/heads/add_reply:refs/heads/add_reply] remote: Counting objects:  27% (6/22)        
[10:06:35]i:				 [/usr/bin/git -c credential.helper= fetch --progress --recurse-submodules=no origin +refs/heads/add_reply:refs/heads/add_reply] remote: Counting objects:  31% (7/22)        
[10:06:35]i:				 [/usr/bin/git -c credential.helper= fetch --progress --recurse-submodules=no origin +refs/heads/add_reply:refs/heads/add_reply] remote: Counting objects:  36% (8/22)        
[10:06:35]i:				 [/usr/bin/git -c credential.helper= fetch --progress --recurse-submodules=no origin +refs/heads/add_reply:refs/heads/add_reply] remote: Counting objects:  40% (9/22)        
[10:06:35]i:				 [/usr/bin/git -c credential.helper= fetch --progress --recurse-submodules=no origin +refs/heads/add_reply:refs/heads/add_reply] remote: Counting objects:  45% (10/22)        
[10:06:35]i:				 [/usr/bin/git -c credential.helper= fetch --progress --recurse-submodules=no origin +refs/heads/add_reply:refs/heads/add_reply] remote: Counting objects:  50% (11/22)        
[10:06:35]i:				 [/usr/bin/git -c credential.helper= fetch --progress --recurse-submodules=no origin +refs/heads/add_reply:refs/heads/add_reply] remote: Counting objects:  54% (12/22)        
[10:06:35]i:				 [/usr/bin/git -c credential.helper= fetch --progress --recurse-submodules=no origin +refs/heads/add_reply:refs/heads/add_reply] remote: Counting objects:  59% (13/22)        
[10:06:35]i:				 [/usr/bin/git -c credential.helper= fetch --progress --recurse-submodules=no origin +refs/heads/add_reply:refs/heads/add_reply] remote: Counting objects:  63% (14/22)        
[10:06:35]i:				 [/usr/bin/git -c credential.helper= fetch --progress --recurse-submodules=no origin +refs/heads/add_reply:refs/heads/add_reply] remote: Counting objects:  68% (15/22)        
[10:06:35]i:				 [/usr/bin/git -c credential.helper= fetch --progress --recurse-submodules=no origin +refs/heads/add_reply:refs/heads/add_reply] remote: Counting objects:  72% (16/22)        
[10:06:35]i:				 [/usr/bin/git -c credential.helper= fetch --progress --recurse-submodules=no origin +refs/heads/add_reply:refs/heads/add_reply] remote: Counting objects:  77% (17/22)        
[10:06:35]i:				 [/usr/bin/git -c credential.helper= fetch --progress --recurse-submodules=no origin +refs/heads/add_reply:refs/heads/add_reply] remote: Counting objects:  81% (18/22)        
[10:06:35]i:				 [/usr/bin/git -c credential.helper= fetch --progress --recurse-submodules=no origin +refs/heads/add_reply:refs/heads/add_reply] remote: Counting objects:  86% (19/22)        
[10:06:35]i:				 [/usr/bin/git -c credential.helper= fetch --progress --recurse-submodules=no origin +refs/heads/add_reply:refs/heads/add_reply] remote: Counting objects:  90% (20/22)        
[10:06:35]i:				 [/usr/bin/git -c credential.helper= fetch --progress --recurse-submodules=no origin +refs/heads/add_reply:refs/heads/add_reply] remote: Counting objects:  95% (21/22)        
[10:06:35]i:				 [/usr/bin/git -c credential.helper= fetch --progress --recurse-submodules=no origin +refs/heads/add_reply:refs/heads/add_reply] remote: Counting objects: 100% (22/22)        
[10:06:35]i:				 [/usr/bin/git -c credential.helper= fetch --progress --recurse-submodules=no origin +refs/heads/add_reply:refs/heads/add_reply] remote: Counting objects: 100% (22/22), done.        
[10:06:35]i:				 [/usr/bin/git -c credential.helper= fetch --progress --recurse-submodules=no origin +refs/heads/add_reply:refs/heads/add_reply] remote: Compressing objects:  16% (1/6)        
[10:06:35]i:				 [/usr/bin/git -c credential.helper= fetch --progress --recurse-submodules=no origin +refs/heads/add_reply:refs/heads/add_reply] remote: Compressing objects:  33% (2/6)        
[10:06:35]i:				 [/usr/bin/git -c credential.helper= fetch --progress --recurse-submodules=no origin +refs/heads/add_reply:refs/heads/add_reply] remote: Compressing objects:  50% (3/6)        
[10:06:35]i:				 [/usr/bin/git -c credential.helper= fetch --progress --recurse-submodules=no origin +refs/heads/add_reply:refs/heads/add_reply] remote: Compressing objects:  66% (4/6)        
[10:06:35]i:				 [/usr/bin/git -c credential.helper= fetch --progress --recurse-submodules=no origin +refs/heads/add_reply:refs/heads/add_reply] remote: Compressing objects:  83% (5/6)        
[10:06:35]i:				 [/usr/bin/git -c credential.helper= fetch --progress --recurse-submodules=no origin +refs/heads/add_reply:refs/heads/add_reply] remote: Compressing objects: 100% (6/6)        
[10:06:35]i:				 [/usr/bin/git -c credential.helper= fetch --progress --recurse-submodules=no origin +refs/heads/add_reply:refs/heads/add_reply] remote: Compressing objects: 100% (6/6), done.        
[10:06:35]i:				 [/usr/bin/git -c credential.helper= fetch --progress --recurse-submodules=no origin +refs/heads/add_reply:refs/heads/add_reply] remote: Total 22 (delta 6), reused 22 (delta 6), pack-reused 0        
[10:06:35]i:				 [/usr/bin/git -c credential.helper= fetch --progress --recurse-submodules=no origin +refs/heads/add_reply:refs/heads/add_reply] From github.com:EvgenAnsible1/example-teamcity
[10:06:35]i:				 [/usr/bin/git -c credential.helper= fetch --progress --recurse-submodules=no origin +refs/heads/add_reply:refs/heads/add_reply]  * [new branch]      add_reply  -> add_reply
[10:06:35]i:				 [/usr/bin/git -c credential.helper= fetch --progress --recurse-submodules=no origin +refs/heads/add_reply:refs/heads/add_reply]  * [new branch]      add_reply  -> origin/add_reply
[10:06:35] :			 [Update git mirror (/opt/buildagent/system/git/git-3C544A7C.git)] /usr/bin/git log -n1 --pretty=format:%H%x20%s 29b165152171f4ba556060021401e9b27a0c9093 --
[10:06:35] :			 [Update git mirror (/opt/buildagent/system/git/git-3C544A7C.git)] /usr/bin/git pack-refs --all
[10:06:35] :		 [VCS Root: git@github.com:EvgenAnsible1/example-teamcity.git#refs/heads/master] Update checkout directory (/opt/buildagent/work/14d1e624eba31ccb)
[10:06:35] :			 [Update checkout directory (/opt/buildagent/work/14d1e624eba31ccb)] /usr/bin/git rev-parse --is-shallow-repository
[10:06:35] :			 [Update checkout directory (/opt/buildagent/work/14d1e624eba31ccb)] /usr/bin/git config lfs.storage /opt/buildagent/system/git/git-3C544A7C.git/lfs
[10:06:35] :			 [Update checkout directory (/opt/buildagent/work/14d1e624eba31ccb)] /usr/bin/git config core.sparseCheckout true
[10:06:35] :			 [Update checkout directory (/opt/buildagent/work/14d1e624eba31ccb)] /usr/bin/git config http.sslCAInfo
[10:06:35] :			 [Update checkout directory (/opt/buildagent/work/14d1e624eba31ccb)] /usr/bin/git show-ref
[10:06:35] :			 [Update checkout directory (/opt/buildagent/work/14d1e624eba31ccb)] /usr/bin/git show-ref refs/remotes/origin/add_reply
[10:06:35] :			 [Update checkout directory (/opt/buildagent/work/14d1e624eba31ccb)] /usr/bin/git log -n1 --pretty=format:%H%x20%s 29b165152171f4ba556060021401e9b27a0c9093 --
[10:06:35] :			 [Update checkout directory (/opt/buildagent/work/14d1e624eba31ccb)] No 'git fetch' required: commit '29b165152171f4ba556060021401e9b27a0c9093' is in the local repository clone pointed by 'refs/remotes/origin/add_reply'.
[10:06:35] :			 [Update checkout directory (/opt/buildagent/work/14d1e624eba31ccb)] /usr/bin/git branch
[10:06:35] :			 [Update checkout directory (/opt/buildagent/work/14d1e624eba31ccb)] /usr/bin/git update-ref refs/heads/add_reply 29b165152171f4ba556060021401e9b27a0c9093
[10:06:35] :			 [Update checkout directory (/opt/buildagent/work/14d1e624eba31ccb)] /usr/bin/git -c credential.helper= checkout -q -f add_reply
[10:06:35] :			 [Update checkout directory (/opt/buildagent/work/14d1e624eba31ccb)] /usr/bin/git branch --set-upstream-to=refs/remotes/origin/add_reply
[10:06:35] :			 [Update checkout directory (/opt/buildagent/work/14d1e624eba31ccb)] Cleaning git@github.com:EvgenAnsible1/example-teamcity.git#refs/heads/master in /opt/buildagent/work/14d1e624eba31ccb the file set ALL_UNTRACKED
[10:06:35] :			 [Update checkout directory (/opt/buildagent/work/14d1e624eba31ccb)] /usr/bin/git clean -f -d -x
[10:06:35] : Build preparation done
[10:06:35]W: Step 1/2: Maven (6s)
[10:06:35]i:	 [Step 1/2] Build step condition "teamcity.build.branch does not contain master" is satisfied
[10:06:35] :	 [Step 1/2] Using predefined Maven user settings: settings.xml
[10:06:35] :	 [Step 1/2] Using predefined Maven user settings: settings.xml
[10:06:35] :	 [Step 1/2] Initial M2_HOME not set
[10:06:35] :	 [Step 1/2] Current M2_HOME = /opt/buildagent/tools/maven3_6
[10:06:35] :	 [Step 1/2] PATH = /opt/buildagent/tools/maven3_6/bin:/opt/java/openjdk/bin:/usr/local/sbin:/usr/local/bin:/usr/sbin:/usr/bin:/sbin:/bin
[10:06:35] :	 [Step 1/2] Using watcher: /opt/buildagent/plugins/mavenPlugin/maven-watcher-jdk17/maven-watcher-agent.jar
[10:06:35] :	 [Step 1/2] Using agent local repository at /opt/buildagent/system/jetbrains.maven.runner/maven.repo.local
[10:06:35] :	 [Step 1/2] *** Start reading the project structure ***
[10:06:35]i:	 [Step 1/2] Initial MAVEN_OPTS not set
[10:06:35]i:	 [Step 1/2] Current MAVEN_OPTS not set
[10:06:37]i:	 [Step 1/2] [INFO] Scanning for projects...
[10:06:37]i:	 [Step 1/2] [INFO] Downloading from teamcity_local_142ac7c4-a53f-4782-b83e-1133d4561fed: file:/opt/buildagent/plugins/mavenPlugin/info-plugin/org/jetbrains/maven/info-maven3-plugin/1.0.2/info-maven3-plugin-1.0.2.pom
[10:06:37]i:	 [Step 1/2] [INFO] Downloaded from teamcity_local_142ac7c4-a53f-4782-b83e-1133d4561fed: file:/opt/buildagent/plugins/mavenPlugin/info-plugin/org/jetbrains/maven/info-maven3-plugin/1.0.2/info-maven3-plugin-1.0.2.pom (0 B at 0 B/s)
[10:06:37]i:	 [Step 1/2] [INFO] Downloading from teamcity_local_142ac7c4-a53f-4782-b83e-1133d4561fed: file:/opt/buildagent/plugins/mavenPlugin/info-plugin/org/jetbrains/maven/info-maven3-plugin/1.0.2/info-maven3-plugin-1.0.2.jar
[10:06:37]i:	 [Step 1/2] [INFO] Downloaded from teamcity_local_142ac7c4-a53f-4782-b83e-1133d4561fed: file:/opt/buildagent/plugins/mavenPlugin/info-plugin/org/jetbrains/maven/info-maven3-plugin/1.0.2/info-maven3-plugin-1.0.2.jar (0 B at 0 B/s)
[10:06:37]i:	 [Step 1/2] [INFO] 
[10:06:37]i:	 [Step 1/2] [INFO] -----------------------< org.netology:plaindoll >-----------------------
[10:06:37]i:	 [Step 1/2] [INFO] Building plaindoll 0.0.1
[10:06:37]i:	 [Step 1/2] [INFO] --------------------------------[ jar ]---------------------------------
[10:06:37]i:	 [Step 1/2] [INFO] 
[10:06:37]i:	 [Step 1/2] [INFO] --- info-maven3-plugin:1.0.2:info (default-cli) @ plaindoll ---
[10:06:37]i:	 [Step 1/2] [INFO] Downloading from teamcity_local_142ac7c4-a53f-4782-b83e-1133d4561fed: file:/opt/buildagent/plugins/mavenPlugin/info-plugin/org/jetbrains/maven/maven-embedder-api/1.2.3/maven-embedder-api-1.2.3.pom
[10:06:37]i:	 [Step 1/2] [INFO] Downloaded from teamcity_local_142ac7c4-a53f-4782-b83e-1133d4561fed: file:/opt/buildagent/plugins/mavenPlugin/info-plugin/org/jetbrains/maven/maven-embedder-api/1.2.3/maven-embedder-api-1.2.3.pom (0 B at 0 B/s)
[10:06:37]i:	 [Step 1/2] [INFO] Downloading from teamcity_local_142ac7c4-a53f-4782-b83e-1133d4561fed: file:/opt/buildagent/plugins/mavenPlugin/info-plugin/org/jetbrains/maven/maven-embedder-api/1.2.3/maven-embedder-api-1.2.3.jar
[10:06:37]i:	 [Step 1/2] [INFO] Downloaded from teamcity_local_142ac7c4-a53f-4782-b83e-1133d4561fed: file:/opt/buildagent/plugins/mavenPlugin/info-plugin/org/jetbrains/maven/maven-embedder-api/1.2.3/maven-embedder-api-1.2.3.jar (0 B at 0 B/s)
[10:06:37]i:	 [Step 1/2] [INFO] ------------------------------------------------------------------------
[10:06:37]i:	 [Step 1/2] [INFO] BUILD SUCCESS
[10:06:37]i:	 [Step 1/2] [INFO] ------------------------------------------------------------------------
[10:06:37]i:	 [Step 1/2] [INFO] Total time:  0.411 s
[10:06:37]i:	 [Step 1/2] [INFO] Finished at: 2022-07-29T11:06:37+01:00
[10:06:37]i:	 [Step 1/2] [INFO] ------------------------------------------------------------------------
[10:06:37]i:	 [Step 1/2] Process exited with code 0
[10:06:37] :	 [Step 1/2] Initial MAVEN_OPTS not set
[10:06:37] :	 [Step 1/2] Current MAVEN_OPTS not set
[10:06:37] :	 [Step 1/2] Starting: /opt/java/openjdk/bin/java -Dagent.home.dir=/opt/buildagent -Dagent.name=ip_51.250.6.49 -Dagent.ownPort=9090 -Dagent.work.dir=/opt/buildagent/work -Dbuild.number=10 -Dbuild.vcs.number=29b165152171f4ba556060021401e9b27a0c9093 -Dbuild.vcs.number.1=29b165152171f4ba556060021401e9b27a0c9093 -Dbuild.vcs.number.Homework_GitGithubComEvgenAnsible1exampleTeamcityGitRefsHeadsMaster=29b165152171f4ba556060021401e9b27a0c9093 -Dclassworlds.conf=/opt/buildagent/temp/buildTmp/teamcity.m2.conf -Dcom.jetbrains.maven.watcher.report.file=/opt/buildagent/temp/buildTmp/maven-build-info.xml -Dec2.instance-id=fhmn4u5ms2j1k8o27bfi -Dec2.local-hostname=teamcity-agent.ru-central1.internal -Dec2.local-ipv4=10.128.0.15 -Dec2.public-hostname=51.250.6.49 -Dec2.public-ipv4=51.250.6.49 -Djava.io.tmpdir=/opt/buildagent/temp/buildTmp -Dmaven.home=/opt/buildagent/tools/maven3_6 -Dmaven.multiModuleProjectDirectory=/opt/buildagent/work/14d1e624eba31ccb -Dteamcity.agent.cpuBenchmark=525 -Dteamcity.agent.dotnet.agent_url=http://localhost:9090/RPC2 -Dteamcity.agent.dotnet.build_id=10 -Dteamcity.auth.password=******* -Dteamcity.auth.userId=TeamCityBuildId=10 -Dteamcity.build.changedFiles.file=/opt/buildagent/temp/buildTmp/changedFiles10186510154231288631.txt -Dteamcity.build.checkoutDir=/opt/buildagent/work/14d1e624eba31ccb -Dteamcity.build.id=10 -Dteamcity.build.properties.file=/opt/buildagent/temp/buildTmp/teamcity.build15816409398936685736.properties -Dteamcity.build.tempDir=/opt/buildagent/temp/buildTmp -Dteamcity.build.workingDir=/opt/buildagent/work/14d1e624eba31ccb -Dteamcity.buildConfName=Build -Dteamcity.buildType.id=Homework_Build -Dteamcity.configuration.properties.file=/opt/buildagent/temp/buildTmp/teamcity.config225046377048650655.properties -Dteamcity.maven.userSettings.path=/opt/buildagent/temp/buildTmp/maven_settings_17832800253517842063.xml -Dteamcity.maven.watcher.home=/opt/buildagent/plugins/mavenPlugin/maven-watcher-jdk17 -Dteamcity.projectName=Homework -Dteamcity.runner.properties.file=/opt/buildagent/temp/buildTmp/teamcity.runner837998760121622953.properties -Dteamcity.tests.recentlyFailedTests.file=/opt/buildagent/temp/buildTmp/testsToRunFirst9384256455550893062.txt "-Dteamcity.version=2022.04.2 (build 108655)" -Dmaven.repo.local=/opt/buildagent/system/jetbrains.maven.runner/maven.repo.local -classpath /opt/buildagent/tools/maven3_6/boot/plexus-classworlds-2.6.0.jar: org.codehaus.plexus.classworlds.launcher.Launcher -f /opt/buildagent/work/14d1e624eba31ccb/pom.xml -B -s /opt/buildagent/temp/buildTmp/maven_settings_17832800253517842063.xml -Dmaven.test.failure.ignore=true clean test
[10:06:37] :	 [Step 1/2] in directory: /opt/buildagent/work/14d1e624eba31ccb
[10:06:39] :	 [Step 1/2] [INFO] Scanning for projects...
[10:06:39] :	 [Step 1/2] [INFO] 
[10:06:39] :	 [Step 1/2] [INFO] -----------------------< org.netology:plaindoll >-----------------------
[10:06:39] :	 [Step 1/2] [INFO] Building plaindoll 0.0.1
[10:06:39] :	 [Step 1/2] [INFO] --------------------------------[ jar ]---------------------------------
[10:06:39] :	 [Step 1/2] [Maven Watcher] project started: org.netology:plaindoll:jar:0.0.1
[10:06:39] :	 [Step 1/2] org.netology:plaindoll (2s)
[10:06:39]i:		 [org.netology:plaindoll] ##teamcity[importData tc:tags='tc:internal' type='surefire' path='/opt/buildagent/work/14d1e624eba31ccb/target/surefire-reports/TEST-*.xml' whenNoDataPublished='nothing' logAsInternal='true']
[10:06:39] :	 [Step 1/2] Importing data from '/opt/buildagent/work/14d1e624eba31ccb/target/surefire-reports/TEST-*.xml' (not existing file) with 'surefire' processor
[10:06:39]i:		 [org.netology:plaindoll] ##teamcity[importData tc:tags='tc:internal' type='surefire' path='/opt/buildagent/work/14d1e624eba31ccb/target/failsafe-reports/TEST-*.xml' whenNoDataPublished='nothing' logAsInternal='true']
[10:06:39] :	 [Step 1/2] [Maven Watcher] 
[10:06:39]i:	 [Step 1/2] ##teamcity[projectStarted tc:tags='tc:internal' projectId='org.netology:plaindoll:jar:0.0.1' groupId='org.netology' artifactId='plaindoll' testReportsDir0='/opt/buildagent/work/14d1e624eba31ccb/target/surefire-reports' testReportsDir1='/opt/buildagent/work/14d1e624eba31ccb/target/failsafe-reports']
[10:06:39] :	 [Step 1/2] Importing data from '/opt/buildagent/work/14d1e624eba31ccb/target/failsafe-reports/TEST-*.xml' (not existing file) with 'surefire' processor
[10:06:39] :	 [Step 1/2] Surefire report watcher
[10:06:39] :		 [Surefire report watcher] Watching paths:
[10:06:39] :		 [Surefire report watcher] /opt/buildagent/work/14d1e624eba31ccb/target/surefire-reports/TEST-*.xml
[10:06:39] :	 [Step 1/2] [INFO] 
[10:06:39] :	 [Step 1/2] [INFO] --- maven-clean-plugin:2.5:clean (default-clean) @ plaindoll ---
[10:06:39] :	 [Step 1/2] [INFO] 
[10:06:39] :	 [Step 1/2] [INFO] --- maven-resources-plugin:2.6:resources (default-resources) @ plaindoll ---
[10:06:39] :	 [Step 1/2] Surefire report watcher
[10:06:39] :		 [Surefire report watcher] Watching paths:
[10:06:39] :		 [Surefire report watcher] /opt/buildagent/work/14d1e624eba31ccb/target/failsafe-reports/TEST-*.xml
[10:06:39]W:	 [Step 1/2] [WARNING] Using platform encoding (UTF-8 actually) to copy filtered resources, i.e. build is platform dependent!
[10:06:39] :	 [Step 1/2] [INFO] skip non existing resourceDirectory /opt/buildagent/work/14d1e624eba31ccb/src/main/resources
[10:06:39] :	 [Step 1/2] [INFO] 
[10:06:39] :	 [Step 1/2] [INFO] --- maven-compiler-plugin:3.1:compile (default-compile) @ plaindoll ---
[10:06:40] :	 [Step 1/2] [INFO] Changes detected - recompiling the module!
[10:06:40]W:	 [Step 1/2] [WARNING] File encoding has not been set, using platform encoding UTF-8, i.e. build is platform dependent!
[10:06:40] :	 [Step 1/2] [INFO] Compiling 2 source files to /opt/buildagent/work/14d1e624eba31ccb/target/classes
[10:06:40] :	 [Step 1/2] [INFO] 
[10:06:40] :	 [Step 1/2] [INFO] --- maven-resources-plugin:2.6:testResources (default-testResources) @ plaindoll ---
[10:06:40]W:	 [Step 1/2] [WARNING] Using platform encoding (UTF-8 actually) to copy filtered resources, i.e. build is platform dependent!
[10:06:40] :	 [Step 1/2] [INFO] skip non existing resourceDirectory /opt/buildagent/work/14d1e624eba31ccb/src/test/resources
[10:06:40] :	 [Step 1/2] [INFO] 
[10:06:40] :	 [Step 1/2] [INFO] --- maven-compiler-plugin:3.1:testCompile (default-testCompile) @ plaindoll ---
[10:06:40] :	 [Step 1/2] [INFO] Changes detected - recompiling the module!
[10:06:40]W:	 [Step 1/2] [WARNING] File encoding has not been set, using platform encoding UTF-8, i.e. build is platform dependent!
[10:06:40] :	 [Step 1/2] [INFO] Compiling 1 source file to /opt/buildagent/work/14d1e624eba31ccb/target/test-classes
[10:06:40] :	 [Step 1/2] [INFO] 
[10:06:40] :	 [Step 1/2] [INFO] --- maven-surefire-plugin:2.12.4:test (default-test) @ plaindoll ---
[10:06:41] :	 [Step 1/2] [INFO] Surefire report directory: /opt/buildagent/work/14d1e624eba31ccb/target/surefire-reports
[10:06:41] :	 [Step 1/2] 
[10:06:41] :	 [Step 1/2] -------------------------------------------------------
[10:06:41] :	 [Step 1/2]  T E S T S
[10:06:41] :	 [Step 1/2] -------------------------------------------------------
[10:06:41] :	 [Step 1/2] Running plaindoll.WelcomerTest
[10:06:41] :	 [Step 1/2] Tests run: 5, Failures: 0, Errors: 0, Skipped: 0, Time elapsed: 0.083 sec
[10:06:41] :	 [Step 1/2] 
[10:06:41] :	 [Step 1/2] Results :
[10:06:41] :	 [Step 1/2] 
[10:06:41] :	 [Step 1/2] Tests run: 5, Failures: 0, Errors: 0, Skipped: 0
[10:06:41] :	 [Step 1/2] 
[10:06:41] :	 [Step 1/2] [Maven Watcher] 
[10:06:41]i:	 [Step 1/2] ##teamcity[projectFinished tc:tags='tc:internal' projectId='org.netology:plaindoll:jar:0.0.1']
[10:06:41] :	 [Step 1/2] [INFO] ------------------------------------------------------------------------
[10:06:41] :	 [Step 1/2] [INFO] BUILD SUCCESS
[10:06:41] :	 [Step 1/2] [INFO] ------------------------------------------------------------------------
[10:06:41] :	 [Step 1/2] [INFO] Total time:  2.403 s
[10:06:41] :	 [Step 1/2] [INFO] Finished at: 2022-07-29T11:06:41+01:00
[10:06:41] :	 [Step 1/2] [INFO] ------------------------------------------------------------------------
[10:06:41] :	 [Step 1/2] [Maven Watcher] building report document...
[10:06:41] :	 [Step 1/2] [Maven Watcher] building report document done
[10:06:41] :	 [Step 1/2] [Maven Watcher] writing report to /opt/buildagent/temp/buildTmp/maven-build-info.xml
[10:06:41] :	 [Step 1/2] [Maven Watcher] done writing report
[10:06:41] :	 [Step 1/2] Process exited with code 0
[10:06:41] :	 [Step 1/2] Publishing artifacts
[10:06:41] :		 [Publishing artifacts] Collecting files to publish: [/opt/buildagent/temp/buildTmp/.tc-maven-bi/maven-build-info.xml.gz => .teamcity]
[10:06:41] :		 [Publishing artifacts] Publishing 1 file using [WebPublisher]: /opt/buildagent/temp/buildTmp/.tc-maven-bi/maven-build-info.xml.gz => .teamcity
[10:06:41] :		 [Publishing artifacts] Publishing 1 file using [ArtifactsCachePublisherImpl]: /opt/buildagent/temp/buildTmp/.tc-maven-bi/maven-build-info.xml.gz => .teamcity
[10:06:41] :	 [Step 1/2] Waiting for 2 service processes to complete
[10:06:41]i:	 [Step 1/2] plaindoll.WelcomerTest
[10:06:41]i:		 [plaindoll.WelcomerTest] welcomerSaysFarewell
[10:06:41]i:		 [plaindoll.WelcomerTest] welcomerSaysHunter
[10:06:41]i:		 [plaindoll.WelcomerTest] welcomerSaysSilver
[10:06:41]i:		 [plaindoll.WelcomerTest] welcomerSaysNeedHomework
[10:06:41]i:		 [plaindoll.WelcomerTest] welcomerSaysWelcome
[10:06:41] :	 [Step 1/2] Surefire report watcher
[10:06:41] :		 [Surefire report watcher] 1 report found for paths:
[10:06:41] :		 [Surefire report watcher] /opt/buildagent/work/14d1e624eba31ccb/target/surefire-reports/TEST-*.xml
[10:06:41] :		 [Surefire report watcher] Successfully parsed
[10:06:41] :			 [Successfully parsed] 1 report
[10:06:41] :			 [Successfully parsed] target/surefire-reports/TEST-plaindoll.WelcomerTest.xml
[10:06:41]W: Step 2/2: Master  step (Maven)
[10:06:41]W:	 [Step 2/2] Build step Master  step (Maven) is skipped because of unfulfilled condition: "teamcity.build.branch contains master"
[10:06:41] : Publishing internal artifacts
[10:06:41] :	 [Publishing internal artifacts] Publishing 1 file using [WebPublisher]
[10:06:41] :	 [Publishing internal artifacts] Publishing 1 file using [ArtifactsCachePublisherImpl]
[10:06:41]W: Publishing artifacts
[10:06:41] :	 [Publishing artifacts] Collecting files to publish: [target/*.jar => target]
[10:06:41]W:	 [Publishing artifacts] Artifacts path 'target/*.jar' not found
[10:06:42] : Build finished
